<?xml version="1.0" encoding="UTF-8"?>
<!-- Generated by org.testng.reporters.JUnitXMLReporter -->
<testsuite ignored="0" hostname="Madhav2706" failures="1" tests="1" name="Error Validations" time="3.754" errors="0" timestamp="2024-06-27T18:39:06 IST">
  <testcase classname="Selenium.Framework.ErrorValidations" name="submitOrder" time="0.407">
    <failure type="java.lang.AssertionError" message="expected [Incorrect email or password.] but found [Incorrect email password.]">
      <![CDATA[java.lang.AssertionError: expected [Incorrect email or password.] but found [Incorrect email password.]
at Selenium.Framework.ErrorValidations.submitOrder(ErrorValidations.java:35)
at java.base/java.util.ArrayList.forEach(ArrayList.java:1511)
... Removed 33 stack frames]]>
    </failure>
  </testcase> <!-- submitOrder -->
</testsuite> <!-- Error Validations -->
